<?xml version="1.0" encoding="UTF-8"?>
<!-- Generated by org.testng.reporters.JUnitXMLReporter -->
<testsuite hostname="MJ-PC" name="Test" tests="4" failures="0" timestamp="21 Apr 2016 16:39:55 GMT" time="0.046" errors="0">
  <testcase name="Add" time="0.014" classname="Calculator.Calculate"/>
  <testcase name="Div" time="0.001" classname="Calculator.Calculate"/>
  <testcase name="Mul" time="0.0" classname="Calculator.Calculate"/>
  <testcase name="Sub" time="0.0" classname="Calculator.Calculate"/>
</testsuite> <!-- Test -->
